Warning: QPainter::begin: Paint device returned engine == 0, type: 1
Warning: QPainter::setPen: Painter not active
Warning: QPainter::setBrush: Painter not active
Warning: QPainter::setRenderHint: Painter must be active to set rendering hints
Warning: QPainter::setPen: Painter not active
Debug: "23:14:10 ..\..\src\propertyeditor.cpp:4234 ER: Set Compression" 
Debug: 
Building project 'ns2c'...
Debug: Building project C:\Users\Owner\Documents\GitHub\NS2c\sound\ns2c.fev...
Debug: Unique sound defs 4/41
Debug: Retrieving sound file info...
Debug: Retrieving reverb info...
Debug: FEV file written ok
Debug: Unique Envelope Points: 0 of 0
Debug: Unique Strings: 1014 characters of 1019
Debug: Caching sound file details for ''...
Debug: ..\..\..\..\..\..\games\steam\steamapps\mkk50\half-life\ns\sound\ns_ayumi\ayumi_rr.wav
Debug: C:\games\steam\steamapps\mkk50\half-life\ns\sound\hud\alien_enemyapproaches1.wav
Debug: C:\games\steam\steamapps\mkk50\half-life\ns\sound\hud\alien_enemyapproaches2.wav
Debug: C:\games\steam\steamapps\mkk50\half-life\ns\sound\hud\alien_now.wav
Debug: C:\games\steam\steamapps\mkk50\half-life\ns\sound\hud\you_lose.wav
Debug: C:\games\steam\steamapps\mkk50\half-life\ns\sound\hud\you_win.wav
Debug: C:\games\steam\steamapps\mkk50\half-life\ns\sound\items\gunpickup2.wav
Debug: C:\games\steam\steamapps\mkk50\half-life\ns\sound\items\pickup_heavy.wav
Debug: C:\games\steam\steamapps\mkk50\half-life\ns\sound\items\pickup_jetpack.wav
Debug: C:\games\steam\steamapps\mkk50\half-life\ns\sound\items\weapondrop1.wav
Debug: C:\games\steam\steamapps\mkk50\half-life\ns\sound\misc\elecspark1.wav
Debug: C:\games\steam\steamapps\mkk50\half-life\ns\sound\misc\elecspark2.wav
Debug: C:\games\steam\steamapps\mkk50\half-life\ns\sound\misc\phasein.wav
Debug: C:\games\steam\steamapps\mkk50\half-life\ns\sound\ns_nancy\nancy-rr.wav
Debug: C:\games\steam\steamapps\mkk50\half-life\ns\sound\player\pl_step1-h.wav
Debug: C:\games\steam\steamapps\mkk50\half-life\ns\sound\player\pl_step2-h.wav
Debug: C:\games\steam\steamapps\mkk50\half-life\ns\sound\player\pl_step3-h.wav
Debug: C:\games\steam\steamapps\mkk50\half-life\ns\sound\player\pl_step4-h.wav
Debug: C:\games\steam\steamapps\mkk50\half-life\ns\sound\player\role6_die1.wav
Debug: C:\games\steam\steamapps\mkk50\half-life\ns\sound\player\role6_move1.wav
Debug: C:\games\steam\steamapps\mkk50\half-life\ns\sound\player\role6_move2.wav
Debug: C:\games\steam\steamapps\mkk50\half-life\ns\sound\player\role6_spawn1.wav
Debug: C:\games\steam\steamapps\mkk50\half-life\ns\sound\player\role6_wound1.wav
Debug: C:\games\steam\steamapps\mkk50\half-life\ns\sound\weapons\acidrocketfire.wav
Debug: C:\games\steam\steamapps\mkk50\half-life\ns\sound\weapons\acidrockethit.wav
Debug: C:\games\steam\steamapps\mkk50\half-life\ns\sound\weapons\bite2.wav
Debug: C:\games\steam\steamapps\mkk50\half-life\ns\sound\weapons\blinksuccess.wav
Debug: C:\games\steam\steamapps\mkk50\half-life\ns\sound\weapons\hg-1.wav
Debug: C:\games\steam\steamapps\mkk50\half-life\ns\sound\weapons\hmg-1.wav
Debug: C:\games\steam\steamapps\mkk50\half-life\ns\sound\weapons\hmg_draw.wav
Debug: C:\games\steam\steamapps\mkk50\half-life\ns\sound\weapons\lmg_draw.wav
Debug: C:\games\steam\steamapps\mkk50\half-life\ns\sound\weapons\metabolize1.wav
Debug: C:\games\steam\steamapps\mkk50\half-life\ns\sound\weapons\mg-1.wav
Debug: C:\games\steam\steamapps\mkk50\half-life\ns\sound\weapons\pistol_draw.wav
Debug: C:\games\steam\steamapps\mkk50\half-life\ns\sound\weapons\primalscream.wav
Debug: C:\games\steam\steamapps\mkk50\half-life\ns\sound\weapons\sg-1.wav
Debug: C:\games\steam\steamapps\mkk50\half-life\ns\sound\weapons\shotgun_draw.wav
Debug: C:\games\steam\steamapps\mkk50\half-life\ns\sound\weapons\sporecloud.wav
Debug: C:\games\steam\steamapps\mkk50\half-life\ns\sound\weapons\sporefire.wav
Debug: C:\games\steam\steamapps\mkk50\half-life\ns\sound\weapons\umbrablocked.wav
Debug: C:\games\steam\steamapps\mkk50\half-life\ns\sound\weapons\umbrafire.wav
Debug: Building 'ns2c.fsb'
Debug: Encoded C:\games\steam\steamapps\mkk50\half-life\ns\sound\hud\alien_enemyapproaches1.wav
Debug: Encoded C:\games\steam\steamapps\mkk50\half-life\ns\sound\hud\alien_enemyapproaches2.wav
Debug: Encoded C:\games\steam\steamapps\mkk50\half-life\ns\sound\hud\alien_now.wav
Debug: Encoded C:\games\steam\steamapps\mkk50\half-life\ns\sound\hud\you_lose.wav
Debug: Encoded C:\games\steam\steamapps\mkk50\half-life\ns\sound\hud\you_win.wav
Debug: Encoded C:\games\steam\steamapps\mkk50\half-life\ns\sound\items\gunpickup2.wav
Debug: Encoded C:\games\steam\steamapps\mkk50\half-life\ns\sound\items\pickup_heavy.wav
Debug: Encoded C:\games\steam\steamapps\mkk50\half-life\ns\sound\items\pickup_jetpack.wav
Debug: Encoded C:\games\steam\steamapps\mkk50\half-life\ns\sound\items\weapondrop1.wav
Debug: Encoded C:\games\steam\steamapps\mkk50\half-life\ns\sound\misc\elecspark1.wav
Debug: Encoded C:\games\steam\steamapps\mkk50\half-life\ns\sound\misc\elecspark2.wav
Debug: Encoded C:\games\steam\steamapps\mkk50\half-life\ns\sound\misc\phasein.wav
Debug: Encoded C:\games\steam\steamapps\mkk50\half-life\ns\sound\ns_nancy\nancy-rr.wav
Debug: Encoded C:\games\steam\steamapps\mkk50\half-life\ns\sound\player\pl_step1-h.wav
Debug: Encoded C:\games\steam\steamapps\mkk50\half-life\ns\sound\player\pl_step2-h.wav
Debug: Encoded C:\games\steam\steamapps\mkk50\half-life\ns\sound\player\pl_step3-h.wav
Debug: Encoded C:\games\steam\steamapps\mkk50\half-life\ns\sound\player\pl_step4-h.wav
Debug: Encoded C:\games\steam\steamapps\mkk50\half-life\ns\sound\player\role6_die1.wav
Debug: Encoded C:\games\steam\steamapps\mkk50\half-life\ns\sound\player\role6_move1.wav
Debug: Encoded C:\games\steam\steamapps\mkk50\half-life\ns\sound\player\role6_move2.wav
Debug: Encoded C:\games\steam\steamapps\mkk50\half-life\ns\sound\player\role6_spawn1.wav
Debug: Encoded C:\games\steam\steamapps\mkk50\half-life\ns\sound\player\role6_wound1.wav
Debug: Encoded C:\games\steam\steamapps\mkk50\half-life\ns\sound\weapons\acidrocketfire.wav
Debug: Encoded C:\games\steam\steamapps\mkk50\half-life\ns\sound\weapons\acidrockethit.wav
Debug: Encoded C:\games\steam\steamapps\mkk50\half-life\ns\sound\weapons\bite2.wav
Debug: Encoded C:\games\steam\steamapps\mkk50\half-life\ns\sound\weapons\blinksuccess.wav
Debug: Encoded C:\games\steam\steamapps\mkk50\half-life\ns\sound\weapons\hg-1.wav
Debug: Encoded C:\games\steam\steamapps\mkk50\half-life\ns\sound\weapons\hmg-1.wav
Debug: Encoded C:\games\steam\steamapps\mkk50\half-life\ns\sound\weapons\hmg_draw.wav
Debug: Encoded C:\games\steam\steamapps\mkk50\half-life\ns\sound\weapons\lmg_draw.wav
Debug: Encoded C:\games\steam\steamapps\mkk50\half-life\ns\sound\weapons\metabolize1.wav
Debug: Encoded C:\games\steam\steamapps\mkk50\half-life\ns\sound\weapons\mg-1.wav
Debug: Encoded C:\games\steam\steamapps\mkk50\half-life\ns\sound\weapons\pistol_draw.wav
Debug: Encoded C:\games\steam\steamapps\mkk50\half-life\ns\sound\weapons\primalscream.wav
Debug: Encoded C:\games\steam\steamapps\mkk50\half-life\ns\sound\weapons\sg-1.wav
Debug: Encoded C:\games\steam\steamapps\mkk50\half-life\ns\sound\weapons\shotgun_draw.wav
Debug: Encoded C:\games\steam\steamapps\mkk50\half-life\ns\sound\weapons\sporecloud.wav
Debug: Encoded C:\games\steam\steamapps\mkk50\half-life\ns\sound\weapons\sporefire.wav
Debug: Encoded C:\games\steam\steamapps\mkk50\half-life\ns\sound\weapons\umbrablocked.wav
Debug: Encoded C:\games\steam\steamapps\mkk50\half-life\ns\sound\weapons\umbrafire.wav
Debug: Encoded C:\Users\Owner\Documents\GitHub\NS2c\sound\..\..\..\..\..\..\games\steam\steamapps\mkk50\half-life\ns\sound\ns_ayumi\ayumi_rr.wav
Debug: Writing FSB...
Debug: Finished building FSB
Debug: 
Debug: 
Summary of build:
SUCCESS: C:/Users/Owner/Documents/GitHub/NS2c/sound/ns2c.fev
SUCCESS: ns2c.fsb
